1NONLINEAR MIXED EFFECTS MODEL PROGRAM (NONMEM)    DOUBLE PRECISION NONMEM    VERSION VI LEVEL 2.0  
 DEVELOPED AND PROGRAMMED BY STUART BEAL AND LEWIS SHEINER
 
 PROBLEM NO.:         1
 Analysis of one compartment model for theophyline data                  
0DATA CHECKOUT RUN:              NO 
 DATA SET LOCATED ON UNIT NO.:    2
 THIS UNIT TO BE REWOUND:        NO 
 NO. OF DATA RECS IN DATA SET:      144
 NO. OF DATA ITEMS IN DATA SET:   7
 ID DATA ITEM IS DATA ITEM NO.:   1
 DEP VARIABLE IS DATA ITEM NO.:   5
 MDV DATA ITEM IS DATA ITEM NO.:  6
0LABELS FOR DATA ITEMS:
   ID    DOSE      WT    TIME      DV     MDV    SMOK
0(NONBLANK) LABELS FOR PRED-DEFINED ITEMS:
 IPRE    IRES
0FORMAT FOR DATA:
 (7E6.0)                                                                         
 
 TOT. NO. OF OBS RECS:      132
 TOT. NO. OF INDIVIDUALS:     12
0LENGTH OF THETA:  3
0DEFAULT THETA BOUNDARY TEST OMITTED:    NO 
0OMEGA HAS SIMPLE DIAGONAL FORM WITH DIMENSION:  3
0DEFAULT OMEGA BOUNDARY TEST OMITTED:    NO 
0SIGMA HAS SIMPLE DIAGONAL FORM WITH DIMENSION:  1
0DEFAULT SIGMA BOUNDARY TEST OMITTED:    NO 
0INITIAL ESTIMATE OF THETA:
 LOWER BOUND    INITIAL EST    UPPER BOUND
  0.0000E+00     0.1492E+01     0.5000E+02
  0.0000E+00     0.1000E+01     0.5000E+02
  0.0000E+00     0.2773E+01     0.5000E+02
0INITIAL ESTIMATE OF OMEGA:
 0.4000E+00
 0.0000E+00   0.4000E+00
 0.0000E+00   0.0000E+00   0.4000E+00
0INITIAL ESTIMATE OF SIGMA:
 0.4000E+00
0ESTIMATION STEP OMITTED:           NO 
 EPS-ETA INTERACTION:               NO 
 POP. ETAS OBTAINED POST HOC:      YES 
 NO. OF FUNCT. EVALS. ALLOWED:       6000
 NO. OF SIG. FIGURES REQUIRED:       3
 INTERMEDIATE PRINTOUT:            YES 
 ESTIMATE OUTPUT TO MSF:            NO 
 IND. OBJ. FUNC. VALUES SORTED:     NO 
0TABLES STEP OMITTED:    NO 
 NO. OF TABLES:           1
0-- TABLE  1 --
04 COLUMNS APPENDED:     NO 
 PRINTED:                NO 
 HEADER:                YES 
 FILE TO BE FORWARDED:   NO 
0USER-CHOSEN ITEMS 
 IN THE ORDER THEY WILL APPEAR IN THE TABLE:
   ID    TIME      DV    IPRE    DOSE      WT    IRES    ETA1    ETA2
1
 MONITORING OF SEARCH:

0ITERATION NO.:    0    OBJECTIVE VALUE:  0.27080E+04    NO. OF FUNC. EVALS.: 6
 CUMULATIVE NO. OF FUNC. EVALS.:        6
 PARAMETER:  0.1000E+00  0.1000E+00  0.1000E+00  0.1000E+00  0.1000E+00  0.1000E+00  0.1000E+00
 GRADIENT:   0.1092E+04  0.2833E+04  0.2015E+03 -0.1174E+03 -0.6868E+02 -0.1579E+03 -0.4665E+04
0ITERATION NO.:    5    OBJECTIVE VALUE:  0.20091E+03    NO. OF FUNC. EVALS.: 7
 CUMULATIVE NO. OF FUNC. EVALS.:       41
 PARAMETER:  0.2164E+00 -0.2517E+01 -0.5340E-01  0.1153E+00 -0.5459E+00  0.5553E+00  0.1643E+00
 GRADIENT:  -0.1038E+02 -0.2175E+02 -0.3248E+02 -0.2690E+02  0.2392E+02  0.1300E+02 -0.2643E+02
0ITERATION NO.:   10    OBJECTIVE VALUE:  0.11827E+03    NO. OF FUNC. EVALS.: 8
 CUMULATIVE NO. OF FUNC. EVALS.:       78
 PARAMETER:  0.4570E+00 -0.2501E+01  0.1753E-01  0.9940E+00 -0.3979E+01 -0.1538E+00  0.3015E+00
 GRADIENT:  -0.1493E+02 -0.8375E+01 -0.6541E+01  0.3408E+00  0.5202E+01  0.9551E+00  0.4321E+02
0ITERATION NO.:   15    OBJECTIVE VALUE:  0.11203E+03    NO. OF FUNC. EVALS.: 7
 CUMULATIVE NO. OF FUNC. EVALS.:      113
 PARAMETER:  0.6607E+00 -0.2502E+01  0.1222E-01  0.1341E+01 -0.4653E+01 -0.2351E+00  0.1635E+00
 GRADIENT:   0.3719E+00 -0.1340E+01  0.2151E-01 -0.1679E+00  0.0000E+00  0.2070E+00 -0.6110E+00
0ITERATION NO.:   20    OBJECTIVE VALUE:  0.11202E+03    NO. OF FUNC. EVALS.:11
 CUMULATIVE NO. OF FUNC. EVALS.:      165
 PARAMETER:  0.6582E+00 -0.2498E+01  0.1394E-01  0.1339E+01 -0.4663E+01 -0.2402E+00  0.1654E+00
 GRADIENT:  -0.5426E-02 -0.5863E-02  0.2168E-02  0.1699E-02  0.0000E+00  0.5844E-03  0.7340E-04
0ITERATION NO.:   21    OBJECTIVE VALUE:  0.11202E+03    NO. OF FUNC. EVALS.: 0
 CUMULATIVE NO. OF FUNC. EVALS.:      165
 PARAMETER:  0.6582E+00 -0.2498E+01  0.1394E-01  0.1339E+01 -0.4663E+01 -0.2402E+00  0.1654E+00
 GRADIENT:  -0.5426E-02 -0.5863E-02  0.2168E-02  0.1699E-02  0.0000E+00  0.5844E-03  0.7340E-04
0MINIMIZATION SUCCESSFUL
 NO. OF FUNCTION EVALUATIONS USED:      165
 NO. OF SIG. DIGITS IN FINAL EST.:  3.9
0PARAMETER ESTIMATE IS NEAR ITS BOUNDARY
 THIS MUST BE ADDRESSED BEFORE THE COVARIANCE STEP CAN BE IMPLEMENTED
1
 
 
 
 
 
 
 
 
 
 
 
 
 
 
 
 
 
 
 
 
 ************************************************************************************************************************
 ********************                                                                                ********************
 ********************                           MINIMUM VALUE OF OBJECTIVE FUNCTION                  ********************
 ********************                                                                                ********************
 ************************************************************************************************************************
 





 **************************************************        112.023     **************************************************
1
 ************************************************************************************************************************
 ********************                                                                                ********************
 ********************                                  FINAL PARAMETER ESTIMATE                      ********************
 ********************                                                                                ********************
 ************************************************************************************************************************
 


 THETA - VECTOR OF FIXED EFFECTS PARAMETERS   *********


            TH 1      TH 2      TH 3
 
         2.55E+00  7.58E-02  2.56E+00
 


 OMEGA - COV MATRIX FOR RANDOM EFFECTS - ETAS  ********


            ETA1      ETA2      ETA3
 
 ETA1
+        4.77E+00
 
 ETA2
+        0.00E+00  4.00E-05
 
 ETA3
+        0.00E+00  0.00E+00  2.03E-01
 


 SIGMA - COV MATRIX FOR RANDOM EFFECTS - EPSILONS  ****


            EPS1
 
 EPS1
+        4.56E-01
 
This file was created using the NONMEM version in directory /local/apps/nm6/nm6-reg
Started  Wed Jul  6 08:20:02 BST 2011
Finished Wed Jul  6 08:20:03 BST 2011
